<?xml version="1.0" encoding="UTF-8"?>
<!-- Generated by org.testng.reporters.JUnitXMLReporter -->
<testsuite ignored="0" hostname="administrator-Lenovo-E41-55" failures="0" tests="4" name="Default test" time="82.612" errors="0" timestamp="2025-02-05T12:48:54 IST">
  <testcase classname="testCases.LoginTestCases2" name="TC_01" time="6.509"/>
  <testcase classname="testCases.LoginTestCases2" name="TC_02" time="21.785"/>
  <testcase classname="testCases.LoginTestCases2" name="TC_03" time="6.87"/>
  <testcase classname="testCases.LoginTestCases2" name="TC_04" time="8.298"/>
</testsuite> <!-- Default test -->
