<?xml version="1.0" encoding="UTF-8"?>
<!-- Generated by org.testng.reporters.JUnitXMLReporter -->
<testsuite ignored="2" hostname="administrator-Lenovo-E41-55" failures="0" tests="1" name="Test" time="16.296" errors="0" timestamp="2025-01-22T12:24:26 IST">
  <testcase classname="testCases.LoginTestCases2" name="TC_01" time="6.472"/>
  <testcase classname="testCases.LoginTestCases2" name="TC_02" time="0.0">
    <ignored/>
  </testcase> <!-- TC_02 -->
  <testcase classname="testCases.LoginTestCases2" name="TC_03" time="0.0">
    <ignored/>
  </testcase> <!-- TC_03 -->
</testsuite> <!-- Test -->
