<?xml version="1.0" encoding="UTF-8"?>
<testng-results ignored="0" total="2" passed="2" failed="0" skipped="0">
  <reporter-output>
  </reporter-output>
  <suite started-at="2025-01-17T16:20:32 IST" name="Default suite" finished-at="2025-01-17T16:21:24 IST" duration-ms="52419">
    <groups>
    </groups>
    <test started-at="2025-01-17T16:20:32 IST" name="Default test" finished-at="2025-01-17T16:21:24 IST" duration-ms="52419">
      <class name="testCases.LoginTestCases">
        <test-method is-config="true" signature="setUp()[pri:0, instance:testCases.LoginTestCases@79e4c792]" started-at="2025-01-17T16:20:30 IST" name="setUp" finished-at="2025-01-17T16:20:32 IST" duration-ms="1805" status="PASS">
          <reporter-output>
          </reporter-output>
        </test-method> <!-- setUp -->
        <test-method is-config="true" signature="openurl()[pri:0, instance:testCases.LoginTestCases@79e4c792]" started-at="2025-01-17T16:20:32 IST" name="openurl" finished-at="2025-01-17T16:20:44 IST" duration-ms="11806" status="PASS">
          <reporter-output>
          </reporter-output>
        </test-method> <!-- openurl -->
        <test-method signature="TC_01()[pri:0, instance:testCases.LoginTestCases@79e4c792]" started-at="2025-01-17T16:20:44 IST" name="TC_01" description="Login with Valid Credentials" finished-at="2025-01-17T16:20:52 IST" duration-ms="8189" status="PASS">
          <reporter-output>
          </reporter-output>
        </test-method> <!-- TC_01 -->
        <test-method is-config="true" signature="closeUrl()[pri:0, instance:testCases.LoginTestCases@79e4c792]" started-at="2025-01-17T16:20:52 IST" name="closeUrl" finished-at="2025-01-17T16:20:52 IST" duration-ms="234" status="PASS">
          <reporter-output>
          </reporter-output>
        </test-method> <!-- closeUrl -->
        <test-method is-config="true" signature="openurl()[pri:0, instance:testCases.LoginTestCases@79e4c792]" started-at="2025-01-17T16:20:52 IST" name="openurl" finished-at="2025-01-17T16:21:02 IST" duration-ms="9762" status="PASS">
          <reporter-output>
          </reporter-output>
        </test-method> <!-- openurl -->
        <test-method signature="TC_02()[pri:0, instance:testCases.LoginTestCases@79e4c792]" started-at="2025-01-17T16:21:02 IST" name="TC_02" finished-at="2025-01-17T16:21:24 IST" duration-ms="22023" status="PASS">
          <reporter-output>
          </reporter-output>
        </test-method> <!-- TC_02 -->
        <test-method is-config="true" signature="closeUrl()[pri:0, instance:testCases.LoginTestCases@79e4c792]" started-at="2025-01-17T16:21:24 IST" name="closeUrl" finished-at="2025-01-17T16:21:24 IST" duration-ms="187" status="PASS">
          <reporter-output>
          </reporter-output>
        </test-method> <!-- closeUrl -->
        <test-method is-config="true" signature="tearDown()[pri:0, instance:testCases.LoginTestCases@79e4c792]" started-at="2025-01-17T16:21:24 IST" name="tearDown" finished-at="2025-01-17T16:21:25 IST" duration-ms="903" status="PASS">
          <reporter-output>
          </reporter-output>
        </test-method> <!-- tearDown -->
      </class> <!-- testCases.LoginTestCases -->
    </test> <!-- Default test -->
  </suite> <!-- Default suite -->
</testng-results>
